{"/workspaces/input-validator/src/constants/DefaultPluginConfig.ts": {"path":"/workspaces/input-validator/src/constants/DefaultPluginConfig.ts","statementMap":{"0":{"start":{"line":4,"column":13},"end":{"line":24,"column":null}}},"fnMap":{},"branchMap":{},"s":{"0":2},"f":{},"b":{}}
,"/workspaces/input-validator/src/core/useRcbPlugin.ts": {"path":"/workspaces/input-validator/src/core/useRcbPlugin.ts","statementMap":{"0":{"start":{"line":1,"column":0},"end":{"line":1,"column":52}},"1":{"start":{"line":2,"column":0},"end":{"line":2,"column":null}},"2":{"start":{"line":13,"column":0},"end":{"line":13,"column":63}},"3":{"start":{"line":14,"column":0},"end":{"line":14,"column":59}},"4":{"start":{"line":16,"column":0},"end":{"line":16,"column":53}},"5":{"start":{"line":23,"column":21},"end":{"line":183,"column":1}},"6":{"start":{"line":24,"column":26},"end":{"line":24,"column":37}},"7":{"start":{"line":25,"column":25},"end":{"line":25,"column":35}},"8":{"start":{"line":26,"column":24},"end":{"line":26,"column":33}},"9":{"start":{"line":27,"column":52},"end":{"line":27,"column":63}},"10":{"start":{"line":29,"column":31},"end":{"line":29,"column":62}},"11":{"start":{"line":30,"column":50},"end":{"line":30,"column":69}},"12":{"start":{"line":31,"column":27},"end":{"line":31,"column":45}},"13":{"start":{"line":33,"column":4},"end":{"line":155,"column":7}},"14":{"start":{"line":39,"column":37},"end":{"line":86,"column":9}},"15":{"start":{"line":40,"column":29},"end":{"line":40,"column":60}},"16":{"start":{"line":43,"column":30},"end":{"line":47,"column":null}},"17":{"start":{"line":49,"column":12},"end":{"line":51,"column":13}},"18":{"start":{"line":50,"column":16},"end":{"line":50,"column":23}},"19":{"start":{"line":54,"column":37},"end":{"line":55,"column":null}},"20":{"start":{"line":57,"column":12},"end":{"line":59,"column":13}},"21":{"start":{"line":58,"column":16},"end":{"line":58,"column":39}},"22":{"start":{"line":62,"column":12},"end":{"line":64,"column":13}},"23":{"start":{"line":63,"column":16},"end":{"line":63,"column":23}},"24":{"start":{"line":67,"column":12},"end":{"line":69,"column":13}},"25":{"start":{"line":68,"column":16},"end":{"line":68,"column":65}},"26":{"start":{"line":70,"column":33},"end":{"line":72,"column":null}},"27":{"start":{"line":76,"column":12},"end":{"line":76,"column":39}},"28":{"start":{"line":79,"column":12},"end":{"line":82,"column":14}},"29":{"start":{"line":85,"column":12},"end":{"line":85,"column":51}},"30":{"start":{"line":85,"column":41},"end":{"line":85,"column":49}},"31":{"start":{"line":88,"column":37},"end":{"line":125,"column":9}},"32":{"start":{"line":89,"column":29},"end":{"line":89,"column":60}},"33":{"start":{"line":90,"column":43},"end":{"line":90,"column":68}},"34":{"start":{"line":92,"column":12},"end":{"line":96,"column":13}},"35":{"start":{"line":93,"column":16},"end":{"line":93,"column":51}},"36":{"start":{"line":94,"column":16},"end":{"line":94,"column":39}},"37":{"start":{"line":95,"column":16},"end":{"line":95,"column":23}},"38":{"start":{"line":98,"column":30},"end":{"line":102,"column":null}},"39":{"start":{"line":105,"column":12},"end":{"line":108,"column":13}},"40":{"start":{"line":106,"column":16},"end":{"line":106,"column":69}},"41":{"start":{"line":107,"column":16},"end":{"line":107,"column":23}},"42":{"start":{"line":110,"column":37},"end":{"line":110,"column":52}},"43":{"start":{"line":112,"column":12},"end":{"line":122,"column":13}},"44":{"start":{"line":113,"column":16},"end":{"line":113,"column":70}},"45":{"start":{"line":114,"column":16},"end":{"line":119,"column":17}},"46":{"start":{"line":115,"column":20},"end":{"line":118,"column":22}},"47":{"start":{"line":120,"column":16},"end":{"line":120,"column":39}},"48":{"start":{"line":121,"column":16},"end":{"line":121,"column":23}},"49":{"start":{"line":124,"column":12},"end":{"line":124,"column":68}},"50":{"start":{"line":132,"column":35},"end":{"line":134,"column":9}},"51":{"start":{"line":133,"column":12},"end":{"line":133,"column":51}},"52":{"start":{"line":133,"column":41},"end":{"line":133,"column":49}},"53":{"start":{"line":137,"column":8},"end":{"line":137,"column":78}},"54":{"start":{"line":138,"column":8},"end":{"line":138,"column":78}},"55":{"start":{"line":139,"column":8},"end":{"line":139,"column":73}},"56":{"start":{"line":141,"column":8},"end":{"line":146,"column":10}},"57":{"start":{"line":143,"column":12},"end":{"line":143,"column":85}},"58":{"start":{"line":144,"column":12},"end":{"line":144,"column":85}},"59":{"start":{"line":145,"column":12},"end":{"line":145,"column":80}},"60":{"start":{"line":158,"column":4},"end":{"line":164,"column":41}},"61":{"start":{"line":159,"column":8},"end":{"line":163,"column":9}},"62":{"start":{"line":160,"column":12},"end":{"line":162,"column":15}},"63":{"start":{"line":161,"column":16},"end":{"line":161,"column":54}},"64":{"start":{"line":167,"column":47},"end":{"line":169,"column":6}},"65":{"start":{"line":172,"column":4},"end":{"line":180,"column":5}},"66":{"start":{"line":173,"column":8},"end":{"line":179,"column":10}},"67":{"start":{"line":182,"column":4},"end":{"line":182,"column":26}},"68":{"start":{"line":185,"column":0},"end":{"line":185,"column":28}}},"fnMap":{"0":{"name":"(anonymous_0)","decl":{"start":{"line":23,"column":21},"end":{"line":23,"column":22}},"loc":{"start":{"line":23,"column":53},"end":{"line":183,"column":1}}},"1":{"name":"(anonymous_1)","decl":{"start":{"line":33,"column":14},"end":{"line":33,"column":17}},"loc":{"start":{"line":33,"column":19},"end":{"line":147,"column":5}}},"2":{"name":"(anonymous_2)","decl":{"start":{"line":39,"column":37},"end":{"line":39,"column":38}},"loc":{"start":{"line":39,"column":60},"end":{"line":86,"column":9}}},"3":{"name":"(anonymous_3)","decl":{"start":{"line":85,"column":31},"end":{"line":85,"column":32}},"loc":{"start":{"line":85,"column":41},"end":{"line":85,"column":49}}},"4":{"name":"(anonymous_4)","decl":{"start":{"line":88,"column":37},"end":{"line":88,"column":38}},"loc":{"start":{"line":88,"column":60},"end":{"line":125,"column":9}}},"5":{"name":"(anonymous_5)","decl":{"start":{"line":132,"column":35},"end":{"line":132,"column":44}},"loc":{"start":{"line":132,"column":46},"end":{"line":134,"column":9}}},"6":{"name":"(anonymous_6)","decl":{"start":{"line":133,"column":31},"end":{"line":133,"column":32}},"loc":{"start":{"line":133,"column":41},"end":{"line":133,"column":49}}},"7":{"name":"(anonymous_7)","decl":{"start":{"line":141,"column":15},"end":{"line":141,"column":18}},"loc":{"start":{"line":141,"column":20},"end":{"line":146,"column":9}}},"8":{"name":"(anonymous_8)","decl":{"start":{"line":158,"column":14},"end":{"line":158,"column":17}},"loc":{"start":{"line":158,"column":19},"end":{"line":164,"column":5}}},"9":{"name":"(anonymous_9)","decl":{"start":{"line":160,"column":23},"end":{"line":160,"column":26}},"loc":{"start":{"line":160,"column":28},"end":{"line":162,"column":13}}}},"branchMap":{"0":{"loc":{"start":{"line":49,"column":12},"end":{"line":51,"column":13}},"type":"if","locations":[{"start":{"line":49,"column":12},"end":{"line":51,"column":13}}]},"1":{"loc":{"start":{"line":57,"column":12},"end":{"line":59,"column":13}},"type":"if","locations":[{"start":{"line":57,"column":12},"end":{"line":59,"column":13}}]},"2":{"loc":{"start":{"line":57,"column":17},"end":{"line":57,"column":42}},"type":"cond-expr","locations":[{"start":{"line":57,"column":33},"end":{"line":57,"column":35}},{"start":{"line":57,"column":17},"end":{"line":57,"column":42}}]},"3":{"loc":{"start":{"line":57,"column":17},"end":{"line":57,"column":35}},"type":"binary-expr","locations":[{"start":{"line":57,"column":17},"end":{"line":57,"column":35}},{"start":{"line":57,"column":17},"end":{"line":57,"column":35}}]},"4":{"loc":{"start":{"line":62,"column":12},"end":{"line":64,"column":13}},"type":"if","locations":[{"start":{"line":62,"column":12},"end":{"line":64,"column":13}}]},"5":{"loc":{"start":{"line":67,"column":12},"end":{"line":69,"column":13}},"type":"if","locations":[{"start":{"line":67,"column":12},"end":{"line":69,"column":13}}]},"6":{"loc":{"start":{"line":81,"column":16},"end":{"line":81,"column":55}},"type":"cond-expr","locations":[{"start":{"line":81,"column":47},"end":{"line":81,"column":51}},{"start":{"line":81,"column":51},"end":{"line":81,"column":55}}]},"7":{"loc":{"start":{"line":81,"column":16},"end":{"line":81,"column":51}},"type":"binary-expr","locations":[{"start":{"line":81,"column":16},"end":{"line":81,"column":51}},{"start":{"line":81,"column":47},"end":{"line":81,"column":51}}]},"8":{"loc":{"start":{"line":90,"column":43},"end":{"line":90,"column":68}},"type":"cond-expr","locations":[{"start":{"line":90,"column":63},"end":{"line":90,"column":66}},{"start":{"line":90,"column":63},"end":{"line":90,"column":68}}]},"9":{"loc":{"start":{"line":90,"column":43},"end":{"line":90,"column":66}},"type":"binary-expr","locations":[{"start":{"line":90,"column":43},"end":{"line":90,"column":66}},{"start":{"line":90,"column":63},"end":{"line":90,"column":66}}]},"10":{"loc":{"start":{"line":90,"column":43},"end":{"line":90,"column":63}},"type":"cond-expr","locations":[{"start":{"line":90,"column":56},"end":{"line":90,"column":58}},{"start":{"line":90,"column":56},"end":{"line":90,"column":63}}]},"11":{"loc":{"start":{"line":90,"column":43},"end":{"line":90,"column":58}},"type":"binary-expr","locations":[{"start":{"line":90,"column":43},"end":{"line":90,"column":58}},{"start":{"line":90,"column":56},"end":{"line":90,"column":58}}]},"12":{"loc":{"start":{"line":92,"column":12},"end":{"line":96,"column":13}},"type":"if","locations":[{"start":{"line":92,"column":12},"end":{"line":96,"column":13}}]},"13":{"loc":{"start":{"line":105,"column":12},"end":{"line":108,"column":13}},"type":"if","locations":[{"start":{"line":105,"column":12},"end":{"line":108,"column":13}}]},"14":{"loc":{"start":{"line":112,"column":12},"end":{"line":122,"column":13}},"type":"if","locations":[{"start":{"line":112,"column":12},"end":{"line":122,"column":13}}]},"15":{"loc":{"start":{"line":114,"column":16},"end":{"line":119,"column":17}},"type":"if","locations":[{"start":{"line":114,"column":16},"end":{"line":119,"column":17}}]},"16":{"loc":{"start":{"line":117,"column":24},"end":{"line":117,"column":63}},"type":"cond-expr","locations":[{"start":{"line":117,"column":55},"end":{"line":117,"column":59}},{"start":{"line":117,"column":59},"end":{"line":117,"column":63}}]},"17":{"loc":{"start":{"line":117,"column":24},"end":{"line":117,"column":59}},"type":"binary-expr","locations":[{"start":{"line":117,"column":24},"end":{"line":117,"column":59}},{"start":{"line":117,"column":55},"end":{"line":117,"column":59}}]},"18":{"loc":{"start":{"line":159,"column":8},"end":{"line":163,"column":9}},"type":"if","locations":[{"start":{"line":159,"column":8},"end":{"line":163,"column":9}}]},"19":{"loc":{"start":{"line":172,"column":4},"end":{"line":180,"column":5}},"type":"if","locations":[{"start":{"line":172,"column":4},"end":{"line":180,"column":5}}]}},"s":{"0":1,"1":1,"2":1,"3":1,"4":1,"5":1,"6":11,"7":11,"8":11,"9":11,"10":11,"11":11,"12":11,"13":11,"14":11,"15":3,"16":3,"17":3,"18":0,"19":3,"20":3,"21":2,"22":3,"23":1,"24":2,"25":2,"26":2,"27":2,"28":2,"29":2,"30":2,"31":11,"32":4,"33":4,"34":4,"35":2,"36":2,"37":2,"38":2,"39":2,"40":0,"41":0,"42":2,"43":2,"44":1,"45":1,"46":1,"47":1,"48":1,"49":1,"50":11,"51":1,"52":1,"53":11,"54":11,"55":11,"56":11,"57":11,"58":11,"59":11,"60":11,"61":11,"62":8,"63":0,"64":11,"65":11,"66":11,"67":11,"68":1},"f":{"0":11,"1":11,"2":3,"3":2,"4":4,"5":1,"6":1,"7":11,"8":11,"9":0},"b":{"0":[0],"1":[2],"2":[0,3],"3":[3,3],"4":[1],"5":[2],"6":[0,2],"7":[2,2],"8":[1,3],"9":[4,3],"10":[0,4],"11":[4,4],"12":[2],"13":[0],"14":[1],"15":[1],"16":[0,1],"17":[1,1],"18":[8],"19":[11]}}
,"/workspaces/input-validator/src/utils/getPromptStyles.ts": {"path":"/workspaces/input-validator/src/utils/getPromptStyles.ts","statementMap":{"0":{"start":{"line":11,"column":31},"end":{"line":45,"column":1}},"1":{"start":{"line":15,"column":31},"end":{"line":15,"column":68}},"2":{"start":{"line":16,"column":31},"end":{"line":16,"column":33}},"3":{"start":{"line":18,"column":4},"end":{"line":20,"column":5}},"4":{"start":{"line":19,"column":8},"end":{"line":19,"column":63}},"5":{"start":{"line":22,"column":4},"end":{"line":27,"column":5}},"6":{"start":{"line":23,"column":8},"end":{"line":26,"column":10}},"7":{"start":{"line":29,"column":4},"end":{"line":34,"column":5}},"8":{"start":{"line":30,"column":8},"end":{"line":33,"column":10}},"9":{"start":{"line":36,"column":4},"end":{"line":42,"column":5}},"10":{"start":{"line":37,"column":8},"end":{"line":41,"column":9}},"11":{"start":{"line":38,"column":12},"end":{"line":40,"column":14}},"12":{"start":{"line":44,"column":4},"end":{"line":44,"column":24}},"13":{"start":{"line":11,"column":13},"end":{"line":11,"column":31}}},"fnMap":{"0":{"name":"(anonymous_0)","decl":{"start":{"line":11,"column":31},"end":{"line":11,"column":null}},"loc":{"start":{"line":14,"column":12},"end":{"line":45,"column":1}}}},"branchMap":{"0":{"loc":{"start":{"line":15,"column":31},"end":{"line":15,"column":68}},"type":"cond-expr","locations":[{"start":{"line":15,"column":58},"end":{"line":15,"column":62}},{"start":{"line":15,"column":62},"end":{"line":15,"column":68}}]},"1":{"loc":{"start":{"line":15,"column":31},"end":{"line":15,"column":62}},"type":"binary-expr","locations":[{"start":{"line":15,"column":31},"end":{"line":15,"column":62}},{"start":{"line":15,"column":58},"end":{"line":15,"column":62}}]},"2":{"loc":{"start":{"line":18,"column":4},"end":{"line":20,"column":5}},"type":"if","locations":[{"start":{"line":18,"column":4},"end":{"line":20,"column":5}}]},"3":{"loc":{"start":{"line":22,"column":4},"end":{"line":27,"column":5}},"type":"if","locations":[{"start":{"line":22,"column":4},"end":{"line":27,"column":5}}]},"4":{"loc":{"start":{"line":29,"column":4},"end":{"line":34,"column":5}},"type":"if","locations":[{"start":{"line":29,"column":4},"end":{"line":34,"column":5}}]},"5":{"loc":{"start":{"line":36,"column":4},"end":{"line":42,"column":5}},"type":"if","locations":[{"start":{"line":36,"column":4},"end":{"line":42,"column":5}}]},"6":{"loc":{"start":{"line":37,"column":8},"end":{"line":41,"column":9}},"type":"if","locations":[{"start":{"line":37,"column":8},"end":{"line":41,"column":9}}]},"7":{"loc":{"start":{"line":37,"column":12},"end":{"line":37,"column":54}},"type":"cond-expr","locations":[{"start":{"line":37,"column":46},"end":{"line":37,"column":50}},{"start":{"line":37,"column":50},"end":{"line":37,"column":54}}]},"8":{"loc":{"start":{"line":37,"column":12},"end":{"line":37,"column":50}},"type":"binary-expr","locations":[{"start":{"line":37,"column":12},"end":{"line":37,"column":50}},{"start":{"line":37,"column":46},"end":{"line":37,"column":50}}]}},"s":{"0":2,"1":8,"2":8,"3":8,"4":1,"5":8,"6":4,"7":8,"8":3,"9":8,"10":4,"11":3,"12":8,"13":2},"f":{"0":8},"b":{"0":[5,3],"1":[8,8],"2":[1],"3":[4],"4":[3],"5":[4],"6":[3],"7":[2,2],"8":[4,4]}}
,"/workspaces/input-validator/src/utils/getValidator.ts": {"path":"/workspaces/input-validator/src/utils/getValidator.ts","statementMap":{"0":{"start":{"line":18,"column":28},"end":{"line":35,"column":1}},"1":{"start":{"line":24,"column":4},"end":{"line":26,"column":5}},"2":{"start":{"line":25,"column":8},"end":{"line":25,"column":15}},"3":{"start":{"line":28,"column":22},"end":{"line":28,"column":76}},"4":{"start":{"line":29,"column":4},"end":{"line":31,"column":5}},"5":{"start":{"line":30,"column":8},"end":{"line":30,"column":15}},"6":{"start":{"line":33,"column":22},"end":{"line":33,"column":94}},"7":{"start":{"line":34,"column":4},"end":{"line":34,"column":67}},"8":{"start":{"line":18,"column":13},"end":{"line":18,"column":28}}},"fnMap":{"0":{"name":"(anonymous_0)","decl":{"start":{"line":18,"column":28},"end":{"line":18,"column":null}},"loc":{"start":{"line":23,"column":50},"end":{"line":35,"column":1}}}},"branchMap":{"0":{"loc":{"start":{"line":22,"column":2},"end":{"line":22,"column":80}},"type":"default-arg","locations":[{"start":{"line":22,"column":61},"end":{"line":22,"column":80}}]},"1":{"loc":{"start":{"line":24,"column":4},"end":{"line":26,"column":5}},"type":"if","locations":[{"start":{"line":24,"column":4},"end":{"line":26,"column":5}}]},"2":{"loc":{"start":{"line":24,"column":8},"end":{"line":24,"column":67}},"type":"binary-expr","locations":[{"start":{"line":24,"column":8},"end":{"line":24,"column":35}},{"start":{"line":24,"column":35},"end":{"line":24,"column":67}}]},"3":{"loc":{"start":{"line":24,"column":9},"end":{"line":24,"column":31}},"type":"cond-expr","locations":[{"start":{"line":24,"column":21},"end":{"line":24,"column":23}},{"start":{"line":24,"column":21},"end":{"line":24,"column":31}}]},"4":{"loc":{"start":{"line":24,"column":9},"end":{"line":24,"column":23}},"type":"binary-expr","locations":[{"start":{"line":24,"column":9},"end":{"line":24,"column":23}},{"start":{"line":24,"column":21},"end":{"line":24,"column":23}}]},"5":{"loc":{"start":{"line":29,"column":4},"end":{"line":31,"column":5}},"type":"if","locations":[{"start":{"line":29,"column":4},"end":{"line":31,"column":5}}]},"6":{"loc":{"start":{"line":34,"column":11},"end":{"line":34,"column":66}},"type":"cond-expr","locations":[{"start":{"line":34,"column":45},"end":{"line":34,"column":54}},{"start":{"line":34,"column":57},"end":{"line":34,"column":66}}]}},"s":{"0":1,"1":9,"2":2,"3":5,"4":5,"5":1,"6":4,"7":4,"8":1},"f":{"0":9},"b":{"0":[1],"1":[2],"2":[9,6],"3":[0,7],"4":[9,7],"5":[1],"6":[2,2]}}
,"/workspaces/input-validator/src/utils/mergePluginConfig.ts": {"path":"/workspaces/input-validator/src/utils/mergePluginConfig.ts","statementMap":{"0":{"start":{"line":2,"column":0},"end":{"line":2,"column":71}},"1":{"start":{"line":9,"column":33},"end":{"line":28,"column":1}},"2":{"start":{"line":12,"column":4},"end":{"line":25,"column":null}},"3":{"start":{"line":9,"column":13},"end":{"line":9,"column":33}}},"fnMap":{"0":{"name":"(anonymous_0)","decl":{"start":{"line":9,"column":33},"end":{"line":9,"column":null}},"loc":{"start":{"line":11,"column":18},"end":{"line":28,"column":1}}}},"branchMap":{"0":{"loc":{"start":{"line":17,"column":15},"end":{"line":17,"column":45}},"type":"cond-expr","locations":[{"start":{"line":17,"column":27},"end":{"line":17,"column":29}},{"start":{"line":17,"column":15},"end":{"line":17,"column":45}}]},"1":{"loc":{"start":{"line":17,"column":15},"end":{"line":17,"column":29}},"type":"binary-expr","locations":[{"start":{"line":17,"column":15},"end":{"line":17,"column":29}},{"start":{"line":17,"column":15},"end":{"line":17,"column":29}}]},"2":{"loc":{"start":{"line":21,"column":15},"end":{"line":21,"column":48}},"type":"cond-expr","locations":[{"start":{"line":21,"column":27},"end":{"line":21,"column":29}},{"start":{"line":21,"column":15},"end":{"line":21,"column":48}}]},"3":{"loc":{"start":{"line":21,"column":15},"end":{"line":21,"column":29}},"type":"binary-expr","locations":[{"start":{"line":21,"column":15},"end":{"line":21,"column":29}},{"start":{"line":21,"column":15},"end":{"line":21,"column":29}}]},"4":{"loc":{"start":{"line":25,"column":15},"end":{"line":25,"column":52}},"type":"cond-expr","locations":[{"start":{"line":25,"column":27},"end":{"line":25,"column":29}},{"start":{"line":25,"column":15},"end":{"line":25,"column":52}}]},"5":{"loc":{"start":{"line":25,"column":15},"end":{"line":25,"column":29}},"type":"binary-expr","locations":[{"start":{"line":25,"column":15},"end":{"line":25,"column":29}},{"start":{"line":25,"column":15},"end":{"line":25,"column":29}}]}},"s":{"0":2,"1":2,"2":15,"3":2},"f":{"0":15},"b":{"0":[12,3],"1":[15,15],"2":[12,3],"3":[15,15],"4":[12,3],"5":[15,15]}}
,"/workspaces/input-validator/src/utils/validateFile.ts": {"path":"/workspaces/input-validator/src/utils/validateFile.ts","statementMap":{"0":{"start":{"line":7,"column":28},"end":{"line":54,"column":1}},"1":{"start":{"line":8,"column":25},"end":{"line":8,"column":52}},"2":{"start":{"line":9,"column":27},"end":{"line":9,"column":42}},"3":{"start":{"line":10,"column":26},"end":{"line":10,"column":94}},"4":{"start":{"line":13,"column":4},"end":{"line":20,"column":5}},"5":{"start":{"line":14,"column":8},"end":{"line":19,"column":10}},"6":{"start":{"line":23,"column":4},"end":{"line":51,"column":5}},"7":{"start":{"line":25,"column":8},"end":{"line":32,"column":9}},"8":{"start":{"line":26,"column":12},"end":{"line":31,"column":14}},"9":{"start":{"line":35,"column":8},"end":{"line":41,"column":9}},"10":{"start":{"line":36,"column":12},"end":{"line":40,"column":14}},"11":{"start":{"line":44,"column":8},"end":{"line":50,"column":9}},"12":{"start":{"line":45,"column":12},"end":{"line":49,"column":14}},"13":{"start":{"line":53,"column":4},"end":{"line":53,"column":29}},"14":{"start":{"line":7,"column":13},"end":{"line":7,"column":28}}},"fnMap":{"0":{"name":"(anonymous_0)","decl":{"start":{"line":7,"column":28},"end":{"line":7,"column":29}},"loc":{"start":{"line":7,"column":74},"end":{"line":54,"column":1}}}},"branchMap":{"0":{"loc":{"start":{"line":10,"column":26},"end":{"line":10,"column":94}},"type":"cond-expr","locations":[{"start":{"line":10,"column":54},"end":{"line":10,"column":71}},{"start":{"line":10,"column":74},"end":{"line":10,"column":94}}]},"1":{"loc":{"start":{"line":10,"column":74},"end":{"line":10,"column":94}},"type":"cond-expr","locations":[{"start":{"line":10,"column":82},"end":{"line":10,"column":89}},{"start":{"line":10,"column":92},"end":{"line":10,"column":94}}]},"2":{"loc":{"start":{"line":13,"column":4},"end":{"line":20,"column":5}},"type":"if","locations":[{"start":{"line":13,"column":4},"end":{"line":20,"column":5}}]},"3":{"loc":{"start":{"line":25,"column":8},"end":{"line":32,"column":9}},"type":"if","locations":[{"start":{"line":25,"column":8},"end":{"line":32,"column":9}}]},"4":{"loc":{"start":{"line":35,"column":8},"end":{"line":41,"column":9}},"type":"if","locations":[{"start":{"line":35,"column":8},"end":{"line":41,"column":9}}]},"5":{"loc":{"start":{"line":44,"column":8},"end":{"line":50,"column":9}},"type":"if","locations":[{"start":{"line":44,"column":8},"end":{"line":50,"column":9}}]}},"s":{"0":1,"1":6,"2":6,"3":6,"4":6,"5":1,"6":5,"7":5,"8":1,"9":4,"10":2,"11":2,"12":1,"13":1,"14":1},"f":{"0":6},"b":{"0":[0,6],"1":[5,1],"2":[1],"3":[1],"4":[2],"5":[1]}}
}
