TN:
SF:src/constants/DefaultPluginConfig.ts
FNF:0
FNH:0
DA:4,2
LF:1
LH:1
BRF:0
BRH:0
end_of_record
TN:
SF:src/core/useRcbPlugin.ts
FN:23,(anonymous_0)
FN:33,(anonymous_1)
FN:39,(anonymous_2)
FN:85,(anonymous_3)
FN:88,(anonymous_4)
FN:132,(anonymous_5)
FN:133,(anonymous_6)
FN:141,(anonymous_7)
FN:158,(anonymous_8)
FN:160,(anonymous_9)
FNF:10
FNH:9
FNDA:11,(anonymous_0)
FNDA:11,(anonymous_1)
FNDA:3,(anonymous_2)
FNDA:2,(anonymous_3)
FNDA:4,(anonymous_4)
FNDA:1,(anonymous_5)
FNDA:1,(anonymous_6)
FNDA:11,(anonymous_7)
FNDA:11,(anonymous_8)
FNDA:0,(anonymous_9)
DA:1,1
DA:2,1
DA:13,1
DA:14,1
DA:16,1
DA:23,1
DA:24,11
DA:25,11
DA:26,11
DA:27,11
DA:29,11
DA:30,11
DA:31,11
DA:33,11
DA:39,11
DA:40,3
DA:43,3
DA:49,3
DA:50,0
DA:54,3
DA:57,3
DA:58,2
DA:62,3
DA:63,1
DA:67,2
DA:68,2
DA:70,2
DA:76,2
DA:79,2
DA:85,2
DA:88,11
DA:89,4
DA:90,4
DA:92,4
DA:93,2
DA:94,2
DA:95,2
DA:98,2
DA:105,2
DA:106,0
DA:107,0
DA:110,2
DA:112,2
DA:113,1
DA:114,1
DA:115,1
DA:120,1
DA:121,1
DA:124,1
DA:132,11
DA:133,1
DA:137,11
DA:138,11
DA:139,11
DA:141,11
DA:143,11
DA:144,11
DA:145,11
DA:158,11
DA:159,11
DA:160,8
DA:161,0
DA:167,11
DA:172,11
DA:173,11
DA:182,11
DA:185,1
LF:67
LH:63
BRDA:49,0,0,0
BRDA:57,1,0,2
BRDA:57,2,0,0
BRDA:57,2,1,3
BRDA:57,3,0,3
BRDA:57,3,1,3
BRDA:62,4,0,1
BRDA:67,5,0,2
BRDA:81,6,0,0
BRDA:81,6,1,2
BRDA:81,7,0,2
BRDA:81,7,1,2
BRDA:90,8,0,1
BRDA:90,8,1,3
BRDA:90,9,0,4
BRDA:90,9,1,3
BRDA:90,10,0,0
BRDA:90,10,1,4
BRDA:90,11,0,4
BRDA:90,11,1,4
BRDA:92,12,0,2
BRDA:105,13,0,0
BRDA:112,14,0,1
BRDA:114,15,0,1
BRDA:117,16,0,0
BRDA:117,16,1,1
BRDA:117,17,0,1
BRDA:117,17,1,1
BRDA:159,18,0,8
BRDA:172,19,0,11
BRF:30
BRH:24
end_of_record
TN:
SF:src/utils/getPromptStyles.ts
FN:11,(anonymous_0)
FNF:1
FNH:1
FNDA:8,(anonymous_0)
DA:11,2
DA:15,8
DA:16,8
DA:18,8
DA:19,1
DA:22,8
DA:23,4
DA:29,8
DA:30,3
DA:36,8
DA:37,4
DA:38,3
DA:44,8
LF:13
LH:13
BRDA:15,0,0,5
BRDA:15,0,1,3
BRDA:15,1,0,8
BRDA:15,1,1,8
BRDA:18,2,0,1
BRDA:22,3,0,4
BRDA:29,4,0,3
BRDA:36,5,0,4
BRDA:37,6,0,3
BRDA:37,7,0,2
BRDA:37,7,1,2
BRDA:37,8,0,4
BRDA:37,8,1,4
BRF:13
BRH:13
end_of_record
TN:
SF:src/utils/getValidator.ts
FN:18,(anonymous_0)
FNF:1
FNH:1
FNDA:9,(anonymous_0)
DA:18,1
DA:24,9
DA:25,2
DA:28,5
DA:29,5
DA:30,1
DA:33,4
DA:34,4
LF:8
LH:8
BRDA:22,0,0,1
BRDA:24,1,0,2
BRDA:24,2,0,9
BRDA:24,2,1,6
BRDA:24,3,0,0
BRDA:24,3,1,7
BRDA:24,4,0,9
BRDA:24,4,1,7
BRDA:29,5,0,1
BRDA:34,6,0,2
BRDA:34,6,1,2
BRF:11
BRH:10
end_of_record
TN:
SF:src/utils/mergePluginConfig.ts
FN:9,(anonymous_0)
FNF:1
FNH:1
FNDA:15,(anonymous_0)
DA:2,2
DA:9,2
DA:12,15
LF:3
LH:3
BRDA:17,0,0,12
BRDA:17,0,1,3
BRDA:17,1,0,15
BRDA:17,1,1,15
BRDA:21,2,0,12
BRDA:21,2,1,3
BRDA:21,3,0,15
BRDA:21,3,1,15
BRDA:25,4,0,12
BRDA:25,4,1,3
BRDA:25,5,0,15
BRDA:25,5,1,15
BRF:12
BRH:12
end_of_record
TN:
SF:src/utils/validateFile.ts
FN:7,(anonymous_0)
FNF:1
FNH:1
FNDA:6,(anonymous_0)
DA:7,1
DA:8,6
DA:9,6
DA:10,6
DA:13,6
DA:14,1
DA:23,5
DA:25,5
DA:26,1
DA:35,4
DA:36,2
DA:44,2
DA:45,1
DA:53,1
LF:14
LH:14
BRDA:10,0,0,0
BRDA:10,0,1,6
BRDA:10,1,0,5
BRDA:10,1,1,1
BRDA:13,2,0,1
BRDA:25,3,0,1
BRDA:35,4,0,2
BRDA:44,5,0,1
BRF:8
BRH:7
end_of_record
